<?xml version="1.0" encoding="UTF-8"?>
<testng-results ignored="0" total="1" passed="1" failed="0" skipped="0">
  <reporter-output>
  </reporter-output>
  <suite started-at="2023-12-03T00:46:36 IST" name="Dockerr" finished-at="2023-12-03T00:47:16 IST" duration-ms="39437">
    <groups>
    </groups>
    <test started-at="2023-12-03T00:46:36 IST" name="Test" finished-at="2023-12-03T00:47:16 IST" duration-ms="39437">
      <class name="dockerSelenium.GoogleSearch">
        <test-method signature="testGoogleSearch()[pri:0, instance:dockerSelenium.GoogleSearch@5e0826e7]" started-at="2023-12-03T00:46:36 IST" name="testGoogleSearch" finished-at="2023-12-03T00:47:16 IST" duration-ms="39097" status="PASS">
          <reporter-output>
          </reporter-output>
        </test-method> <!-- testGoogleSearch -->
      </class> <!-- dockerSelenium.GoogleSearch -->
    </test> <!-- Test -->
  </suite> <!-- Dockerr -->
</testng-results>
