<?xml version="1.0" encoding="UTF-8"?>
<testng-results ignored="0" total="1" passed="1" failed="0" skipped="0">
  <reporter-output>
  </reporter-output>
  <suite started-at="2023-12-02T19:57:17 IST" name="Dockerr" finished-at="2023-12-02T19:57:28 IST" duration-ms="11167">
    <groups>
    </groups>
    <test started-at="2023-12-02T19:57:17 IST" name="Test" finished-at="2023-12-02T19:57:28 IST" duration-ms="11167">
      <class name="dockerSelenium.GoogleSearchLocalSystem">
        <test-method signature="testGoogleSearch()[pri:0, instance:dockerSelenium.GoogleSearchLocalSystem@74235045]" started-at="2023-12-02T19:57:17 IST" name="testGoogleSearch" finished-at="2023-12-02T19:57:28 IST" duration-ms="11005" status="PASS">
          <reporter-output>
          </reporter-output>
        </test-method> <!-- testGoogleSearch -->
      </class> <!-- dockerSelenium.GoogleSearchLocalSystem -->
    </test> <!-- Test -->
  </suite> <!-- Dockerr -->
</testng-results>
